# JRE version: OpenJDK Runtime Environment Zulu21.34+19-CA (21.0.3+9) (build 21.0.3+9-LTS)
# Java VM: OpenJDK 64-Bit Server VM Zulu21.34+19-CA (21.0.3+9-LTS, mixed mode, sharing, tiered, compressed oops, compressed class ptrs, g1 gc, windows-amd64)
GC Precious Log:
 CardTable entry size: 512
 Card Set container configuration: InlinePtr #cards 5 size 8 Array Of Cards #cards 12 size 40 Howl #buckets 4 coarsen threshold 1843 Howl Bitmap #cards 512 size 80 coarsen threshold 460 Card regions per heap region 1 cards per card region 2048
 CPUs: 8 total, 8 available
 Memory: 32706M
 Large Page Support: Disabled
 NUMA Support: Disabled
 Compressed Oops: Enabled (32-bit)
 Heap Region Size: 1M
 Heap Min Capacity: 8M
 Heap Initial Capacity: 512M
 Heap Max Capacity: 1G
 Pre-touch: Disabled
 Parallel Workers: 8
 Concurrent Workers: 2
 Concurrent Refinement Workers: 8
 Periodic GC: Disabled
Heap:
 garbage-first heap   total 305152K, used 242674K [0x00000000c0000000, 0x0000000100000000)
  region size 1024K, 90 young (92160K), 6 survivors (6144K)
 Metaspace       used 91082K, committed 93440K, reserved 1179648K
  class space    used 12432K, committed 13632K, reserved 1048576K
GC Heap History (20 events):
Event: 11.834 GC heap before
{Heap before GC invocations=30 (full 0):
 garbage-first heap   total 185344K, used 169951K [0x00000000c0000000, 0x0000000100000000)
  region size 1024K, 82 young (83968K), 6 survivors (6144K)
 Metaspace       used 79884K, committed 82112K, reserved 1179648K
  class space    used 11093K, committed 12224K, reserved 1048576K
}
Event: 11.838 GC heap after
{Heap after GC invocations=31 (full 0):
 garbage-first heap   total 185344K, used 93165K [0x00000000c0000000, 0x0000000100000000)
  region size 1024K, 11 young (11264K), 11 survivors (11264K)
 Metaspace       used 79884K, committed 82112K, reserved 1179648K
  class space    used 11093K, committed 12224K, reserved 1048576K
}
Event: 12.224 GC heap before
{Heap before GC invocations=31 (full 0):
 garbage-first heap   total 185344K, used 168941K [0x00000000c0000000, 0x0000000100000000)
  region size 1024K, 80 young (81920K), 11 survivors (11264K)
 Metaspace       used 79905K, committed 82176K, reserved 1179648K
  class space    used 11094K, committed 12224K, reserved 1048576K
}
Event: 12.232 GC heap after
{Heap after GC invocations=32 (full 0):
 garbage-first heap   total 193536K, used 102835K [0x00000000c0000000, 0x0000000100000000)
  region size 1024K, 10 young (10240K), 10 survivors (10240K)
 Metaspace       used 79905K, committed 82176K, reserved 1179648K
  class space    used 11094K, committed 12224K, reserved 1048576K
}
Event: 12.595 GC heap before
{Heap before GC invocations=32 (full 0):
 garbage-first heap   total 193536K, used 162227K [0x00000000c0000000, 0x0000000100000000)
  region size 1024K, 70 young (71680K), 10 survivors (10240K)
 Metaspace       used 80142K, committed 82368K, reserved 1179648K
  class space    used 11120K, committed 12224K, reserved 1048576K
}
Event: 12.600 GC heap after
{Heap after GC invocations=33 (full 0):
 garbage-first heap   total 193536K, used 105826K [0x00000000c0000000, 0x0000000100000000)
  region size 1024K, 4 young (4096K), 4 survivors (4096K)
 Metaspace       used 80142K, committed 82368K, reserved 1179648K
  class space    used 11120K, committed 12224K, reserved 1048576K
}
Event: 13.078 GC heap before
{Heap before GC invocations=34 (full 0):
 garbage-first heap   total 214016K, used 183650K [0x00000000c0000000, 0x0000000100000000)
  region size 1024K, 71 young (72704K), 4 survivors (4096K)
 Metaspace       used 80883K, committed 83008K, reserved 1179648K
  class space    used 11221K, committed 12288K, reserved 1048576K
}
Event: 13.085 GC heap after
{Heap after GC invocations=35 (full 0):
 garbage-first heap   total 214016K, used 119808K [0x00000000c0000000, 0x0000000100000000)
  region size 1024K, 9 young (9216K), 9 survivors (9216K)
 Metaspace       used 80883K, committed 83008K, reserved 1179648K
  class space    used 11221K, committed 12288K, reserved 1048576K
}
Event: 13.377 GC heap before
{Heap before GC invocations=35 (full 0):
 garbage-first heap   total 214016K, used 196608K [0x00000000c0000000, 0x0000000100000000)
  region size 1024K, 76 young (77824K), 9 survivors (9216K)
 Metaspace       used 82675K, committed 84928K, reserved 1179648K
  class space    used 11450K, committed 12544K, reserved 1048576K
}
Event: 13.389 GC heap after
{Heap after GC invocations=36 (full 0):
 garbage-first heap   total 225280K, used 142246K [0x00000000c0000000, 0x0000000100000000)
  region size 1024K, 10 young (10240K), 10 survivors (10240K)
 Metaspace       used 82675K, committed 84928K, reserved 1179648K
  class space    used 11450K, committed 12544K, reserved 1048576K
}
Event: 13.418 GC heap before
{Heap before GC invocations=36 (full 0):
 garbage-first heap   total 225280K, used 152486K [0x00000000c0000000, 0x0000000100000000)
  region size 1024K, 22 young (22528K), 10 survivors (10240K)
 Metaspace       used 82676K, committed 84928K, reserved 1179648K
  class space    used 11450K, committed 12544K, reserved 1048576K
}
Event: 13.422 GC heap after
{Heap after GC invocations=37 (full 0):
 garbage-first heap   total 225280K, used 136989K [0x00000000c0000000, 0x0000000100000000)
  region size 1024K, 2 young (2048K), 2 survivors (2048K)
 Metaspace       used 82676K, committed 84928K, reserved 1179648K
  class space    used 11450K, committed 12544K, reserved 1048576K
}
Event: 13.890 GC heap before
{Heap before GC invocations=38 (full 0):
 garbage-first heap   total 234496K, used 211741K [0x00000000c0000000, 0x0000000100000000)
  region size 1024K, 64 young (65536K), 2 survivors (2048K)
 Metaspace       used 88131K, committed 90304K, reserved 1179648K
  class space    used 12086K, committed 13184K, reserved 1048576K
}
Event: 13.894 GC heap after
{Heap after GC invocations=39 (full 0):
 garbage-first heap   total 234496K, used 156662K [0x00000000c0000000, 0x0000000100000000)
  region size 1024K, 8 young (8192K), 8 survivors (8192K)
 Metaspace       used 88131K, committed 90304K, reserved 1179648K
  class space    used 12086K, committed 13184K, reserved 1048576K
}
Event: 14.382 GC heap before
{Heap before GC invocations=39 (full 0):
 garbage-first heap   total 234496K, used 210934K [0x00000000c0000000, 0x0000000100000000)
  region size 1024K, 59 young (60416K), 8 survivors (8192K)
 Metaspace       used 90077K, committed 92352K, reserved 1179648K
  class space    used 12385K, committed 13504K, reserved 1048576K
}
Event: 14.386 GC heap after
{Heap after GC invocations=40 (full 0):
 garbage-first heap   total 234496K, used 150599K [0x00000000c0000000, 0x0000000100000000)
  region size 1024K, 5 young (5120K), 5 survivors (5120K)
 Metaspace       used 90077K, committed 92352K, reserved 1179648K
  class space    used 12385K, committed 13504K, reserved 1048576K
}
Event: 19.509 GC heap before
{Heap before GC invocations=40 (full 0):
 garbage-first heap   total 234496K, used 176199K [0x00000000c0000000, 0x0000000100000000)
  region size 1024K, 31 young (31744K), 5 survivors (5120K)
 Metaspace       used 90654K, committed 92928K, reserved 1179648K
  class space    used 12424K, committed 13568K, reserved 1048576K
}
Event: 19.512 GC heap after
{Heap after GC invocations=41 (full 0):
 garbage-first heap   total 234496K, used 151122K [0x00000000c0000000, 0x0000000100000000)
  region size 1024K, 4 young (4096K), 4 survivors (4096K)
 Metaspace       used 90654K, committed 92928K, reserved 1179648K
  class space    used 12424K, committed 13568K, reserved 1048576K
}
Event: 20.077 GC heap before
{Heap before GC invocations=42 (full 0):
 garbage-first heap   total 299008K, used 297554K [0x00000000c0000000, 0x0000000100000000)
  region size 1024K, 54 young (55296K), 4 survivors (4096K)
 Metaspace       used 90949K, committed 93312K, reserved 1179648K
  class space    used 12432K, committed 13632K, reserved 1048576K
}
Event: 20.081 GC heap after
{Heap after GC invocations=43 (full 0):
 garbage-first heap   total 305152K, used 152562K [0x00000000c0000000, 0x0000000100000000)
  region size 1024K, 6 young (6144K), 6 survivors (6144K)
 Metaspace       used 90949K, committed 93312K, reserved 1179648K
  class space    used 12432K, committed 13632K, reserved 1048576K
}

